<?xml version="1.0" encoding="UTF-8"?>
<testsuite xmlns:xsi="http://www.w3.org/2001/XMLSchema-instance" xsi:noNamespaceSchemaLocation="https://maven.apache.org/surefire/maven-surefire-plugin/xsd/surefire-test-report.xsd" version="3.0.2" name="ch.schneider.michael.myVault.movement.MovementRepositoryTest" time="4.06" tests="1" errors="0" skipped="0" failures="0" flakes="0">
  <properties>
[...]
</properties>
  <testcase name="crud" classname="ch.schneider.michael.myVault.movement.MovementRepositoryTest" time="0.436">
    <system-out><![CDATA[09:04:14.247 [main] INFO org.springframework.test.context.support.AnnotationConfigContextLoaderUtils -- Could not detect default configuration classes for test class [ch.schneider.michael.myVault.movement.MovementRepositoryTest]: MovementRepositoryTest does not declare any static, non-private, non-final, nested classes annotated with @Configuration.
09:04:14.340 [main] INFO org.springframework.boot.test.context.SpringBootTestContextBootstrapper -- Found @SpringBootConfiguration ch.schneider.michael.myVault.MyVaultApplication for test class ch.schneider.michael.myVault.movement.MovementRepositoryTest
09:04:14.394 [main] INFO org.springframework.test.context.support.AnnotationConfigContextLoaderUtils -- Could not detect default configuration classes for test class [ch.schneider.michael.myVault.movement.MovementRepositoryTest]: MovementRepositoryTest does not declare any static, non-private, non-final, nested classes annotated with @Configuration.
09:04:14.396 [main] INFO org.springframework.boot.test.context.SpringBootTestContextBootstrapper -- Found @SpringBootConfiguration ch.schneider.michael.myVault.MyVaultApplication for test class ch.schneider.michael.myVault.movement.MovementRepositoryTest

  .   ____          _            __ _ _
 /\\ / ___'_ __ _ _(_)_ __  __ _ \ \ \ \
( ( )\___ | '_ | '_| | '_ \/ _` | \ \ \ \
 \\/  ___)| |_)| | | | | || (_| |  ) ) ) )
  '  |____| .__|_| |_|_| |_\__, | / / / /
 =========|_|==============|___/=/_/_/_/

 :: Spring Boot ::                (v4.0.6)

2026-05-08T09:04:14.624+02:00  INFO 24879 --- [myVault] [           main] c.s.m.m.movement.MovementRepositoryTest  : Starting MovementRepositoryTest using Java 26 with PID 24879 (started by anon in /home/anon/projects/UK_295/projektarbeit/myVault)
2026-05-08T09:04:14.626+02:00  INFO 24879 --- [myVault] [           main] c.s.m.m.movement.MovementRepositoryTest  : No active profile set, falling back to 1 default profile: "default"
2026-05-08T09:04:15.184+02:00  INFO 24879 --- [myVault] [           main] .s.d.r.c.RepositoryConfigurationDelegate : Bootstrapping Spring Data JPA repositories in DEFAULT mode.
2026-05-08T09:04:15.242+02:00  INFO 24879 --- [myVault] [           main] .s.d.r.c.RepositoryConfigurationDelegate : Finished Spring Data repository scanning in 50 ms. Found 3 JPA repository interfaces.
2026-05-08T09:04:15.636+02:00  INFO 24879 --- [myVault] [           main] org.hibernate.orm.jpa                    : HHH008540: Processing PersistenceUnitInfo [name: default]
2026-05-08T09:04:15.665+02:00  INFO 24879 --- [myVault] [           main] org.hibernate.orm.core                   : HHH000001: Hibernate ORM core version 7.2.12.Final
2026-05-08T09:04:15.918+02:00  INFO 24879 --- [myVault] [           main] o.s.o.j.p.SpringPersistenceUnitInfo      : No LoadTimeWeaver setup: ignoring JPA class transformer
2026-05-08T09:04:15.938+02:00  INFO 24879 --- [myVault] [           main] com.zaxxer.hikari.HikariDataSource       : HikariPool-1 - Starting...
2026-05-08T09:04:16.056+02:00  INFO 24879 --- [myVault] [           main] com.zaxxer.hikari.pool.HikariPool        : HikariPool-1 - Added connection conn0: url=jdbc:h2:mem:myvault_test user=SA
2026-05-08T09:04:16.057+02:00  INFO 24879 --- [myVault] [           main] com.zaxxer.hikari.HikariDataSource       : HikariPool-1 - Start completed.
2026-05-08T09:04:16.090+02:00  INFO 24879 --- [myVault] [           main] org.hibernate.orm.connections.pooling    : HHH10001005: Database info:
	Database JDBC URL [jdbc:h2:mem:myvault_test]
	Database driver: H2 JDBC Driver
	Database dialect: H2Dialect
	Database version: 2.4.240
	Default catalog/schema: MYVAULT_TEST/PUBLIC
	Autocommit mode: undefined/unknown
	Isolation level: READ_COMMITTED [default READ_COMMITTED]
	JDBC fetch size: 100
	Pool: DataSourceConnectionProvider
	Minimum pool size: undefined/unknown
	Maximum pool size: undefined/unknown
2026-05-08T09:04:16.654+02:00  INFO 24879 --- [myVault] [           main] org.hibernate.orm.core                   : HHH000489: No JTA platform available (set 'hibernate.transaction.jta.platform' to enable JTA platform integration)
2026-05-08T09:04:16.685+02:00  INFO 24879 --- [myVault] [           main] j.LocalContainerEntityManagerFactoryBean : Initialized JPA EntityManagerFactory for persistence unit 'default'
2026-05-08T09:04:16.790+02:00  INFO 24879 --- [myVault] [           main] o.s.d.j.r.query.QueryEnhancerFactories   : Hibernate is in classpath; If applicable, HQL parser will be used.
2026-05-08T09:04:17.105+02:00  WARN 24879 --- [myVault] [           main] JpaBaseConfiguration$JpaWebConfiguration : spring.jpa.open-in-view is enabled by default. Therefore, database queries may be performed during view rendering. Explicitly configure spring.jpa.open-in-view to disable this warning
2026-05-08T09:04:17.742+02:00  INFO 24879 --- [myVault] [           main] c.s.m.m.movement.MovementRepositoryTest  : Started MovementRepositoryTest in 3.31 seconds (process running for 4.075)
]]></system-out>
    <system-err><![CDATA[Mockito is currently self-attaching to enable the inline-mock-maker. This will no longer work in future releases of the JDK. Please add Mockito as an agent to your build as described in Mockito's documentation: https://javadoc.io/doc/org.mockito/mockito-core/latest/org.mockito/org/mockito/Mockito.html#0.3
WARNING: A Java agent has been loaded dynamically (/home/anon/.m2/repository/net/bytebuddy/byte-buddy-agent/1.17.8/byte-buddy-agent-1.17.8.jar)
WARNING: If a serviceability tool is in use, please run with -XX:+EnableDynamicAgentLoading to hide this warning
WARNING: If a serviceability tool is not in use, please run with -Djdk.instrument.traceUsage for more information
WARNING: Dynamic loading of agents will be disallowed by default in a future release
]]></system-err>
  </testcase>
</testsuite>