<?xml version="1.0" encoding="UTF-8"?>
<testsuite xmlns:xsi="http://www.w3.org/2001/XMLSchema-instance" xsi:noNamespaceSchemaLocation="https://maven.apache.org/surefire/maven-surefire-plugin/xsd/surefire-test-report.xsd" version="3.0.2" name="ch.schneider.michael.myVault.category.CategoryControllerTest" time="0.391" tests="2" errors="0" skipped="0" failures="0" flakes="0">
  <properties>
[...]
</properties>
  <testcase name="createAndDelete_asAdmin_returnsCreatedAndNoContent" classname="ch.schneider.michael.myVault.category.CategoryControllerTest" time="0.236">
    <system-out><![CDATA[2026-05-08T08:27:17.072+02:00  INFO 19158 --- [myVault] [           main] t.c.s.AnnotationConfigContextLoaderUtils : Could not detect default configuration classes for test class [ch.schneider.michael.myVault.category.CategoryControllerTest]: CategoryControllerTest does not declare any static, non-private, non-final, nested classes annotated with @Configuration.
2026-05-08T08:27:17.073+02:00  INFO 19158 --- [myVault] [           main] .b.t.c.SpringBootTestContextBootstrapper : Found @SpringBootConfiguration ch.schneider.michael.myVault.MyVaultApplication for test class ch.schneider.michael.myVault.category.CategoryControllerTest
2026-05-08T08:27:17.074+02:00  INFO 19158 --- [myVault] [           main] t.c.s.AnnotationConfigContextLoaderUtils : Could not detect default configuration classes for test class [ch.schneider.michael.myVault.category.CategoryControllerTest]: CategoryControllerTest does not declare any static, non-private, non-final, nested classes annotated with @Configuration.
2026-05-08T08:27:17.074+02:00  INFO 19158 --- [myVault] [           main] .b.t.c.SpringBootTestContextBootstrapper : Found @SpringBootConfiguration ch.schneider.michael.myVault.MyVaultApplication for test class ch.schneider.michael.myVault.category.CategoryControllerTest
2026-05-08T08:27:17.098+02:00  INFO 19158 --- [myVault] [           main] o.s.b.t.m.w.SpringBootMockServletContext : Initializing Spring TestDispatcherServlet ''
2026-05-08T08:27:17.098+02:00  INFO 19158 --- [myVault] [           main] o.s.t.web.servlet.TestDispatcherServlet  : Initializing Servlet ''
2026-05-08T08:27:17.099+02:00  INFO 19158 --- [myVault] [           main] o.s.t.web.servlet.TestDispatcherServlet  : Completed initialization in 1 ms
]]></system-out>
  </testcase>
  <testcase name="getCategories_asRead_isOk" classname="ch.schneider.michael.myVault.category.CategoryControllerTest" time="0.146">
    <system-out><![CDATA[2026-05-08T08:27:17.317+02:00  INFO 19158 --- [myVault] [           main] o.s.b.t.m.w.SpringBootMockServletContext : Initializing Spring TestDispatcherServlet ''
2026-05-08T08:27:17.317+02:00  INFO 19158 --- [myVault] [           main] o.s.t.web.servlet.TestDispatcherServlet  : Initializing Servlet ''
2026-05-08T08:27:17.318+02:00  INFO 19158 --- [myVault] [           main] o.s.t.web.servlet.TestDispatcherServlet  : Completed initialization in 1 ms
]]></system-out>
  </testcase>
</testsuite>